[1010/211051.135:ERROR:directory_reader_win.cc(43)] FindFirstFile: The system cannot find the path specified. (0x3)
[1011/014518.236:ERROR:process_reader_win.cc(151)] SuspendThread: Access is denied. (0x5)
[1011/014518.238:ERROR:process_reader_win.cc(151)] SuspendThread: Access is denied. (0x5)
[1011/014518.238:ERROR:process_reader_win.cc(123)] NtOpenThread: {Access Denied} A process has requested access to an object, but has not been granted those access rights. (0xc0000022)
[1011/014518.241:ERROR:exception_snapshot_win.cc(99)] thread ID 15944 not found in process
[1011/014518.238:ERROR:process_reader_win.cc(123)] NtOpenThread: {Access Denied} A process has requested access to an object, but has not been granted those access rights. (0xc0000022)
[1011/014518.245:ERROR:exception_snapshot_win.cc(99)] thread ID 17276 not found in process
[1011/014518.286:ERROR:process_reader_win.cc(151)] SuspendThread: Access is denied. (0x5)
[1011/014518.287:ERROR:process_reader_win.cc(151)] SuspendThread: Access is denied. (0x5)
[1011/014518.287:ERROR:process_reader_win.cc(123)] NtOpenThread: {Access Denied} A process has requested access to an object, but has not been granted those access rights. (0xc0000022)
[1011/014518.287:ERROR:exception_snapshot_win.cc(99)] thread ID 17596 not found in process
[1011/014518.626:ERROR:process_reader_win.cc(151)] SuspendThread: Access is denied. (0x5)
[1011/014518.626:ERROR:process_reader_win.cc(151)] SuspendThread: Access is denied. (0x5)
[1011/014518.626:ERROR:process_reader_win.cc(151)] SuspendThread: Access is denied. (0x5)
[1011/014518.626:ERROR:process_reader_win.cc(151)] SuspendThread: Access is denied. (0x5)
[1011/014518.626:ERROR:process_reader_win.cc(151)] SuspendThread: Access is denied. (0x5)
[1011/014518.627:ERROR:process_reader_win.cc(151)] SuspendThread: Access is denied. (0x5)
[1011/014518.627:ERROR:process_reader_win.cc(151)] SuspendThread: Access is denied. (0x5)
[1011/014518.627:ERROR:process_reader_win.cc(151)] SuspendThread: Access is denied. (0x5)
[1011/014518.627:ERROR:process_reader_win.cc(151)] SuspendThread: Access is denied. (0x5)
[1011/014518.627:ERROR:process_reader_win.cc(151)] SuspendThread: Access is denied. (0x5)
[1011/014518.627:ERROR:process_reader_win.cc(151)] SuspendThread: Access is denied. (0x5)
[1011/014518.627:ERROR:process_reader_win.cc(151)] SuspendThread: Access is denied. (0x5)
[1011/014518.627:ERROR:process_reader_win.cc(151)] SuspendThread: Access is denied. (0x5)
[1011/014518.627:ERROR:process_reader_win.cc(123)] NtOpenThread: {Access Denied} A process has requested access to an object, but has not been granted those access rights. (0xc0000022)
[1011/014518.627:ERROR:exception_snapshot_win.cc(99)] thread ID 37380 not found in process
[1011/014518.688:ERROR:process_reader_win.cc(151)] SuspendThread: Access is denied. (0x5)
[1011/014518.689:ERROR:process_reader_win.cc(151)] SuspendThread: Access is denied. (0x5)
[1011/014518.689:ERROR:process_reader_win.cc(151)] SuspendThread: Access is denied. (0x5)
[1011/014518.689:ERROR:process_reader_win.cc(151)] SuspendThread: Access is denied. (0x5)
[1011/014518.689:ERROR:process_reader_win.cc(151)] SuspendThread: Access is denied. (0x5)
[1011/014518.689:ERROR:process_reader_win.cc(151)] SuspendThread: Access is denied. (0x5)
[1011/014518.689:ERROR:process_reader_win.cc(151)] SuspendThread: Access is denied. (0x5)
[1011/014518.689:ERROR:process_reader_win.cc(151)] SuspendThread: Access is denied. (0x5)
[1011/014518.689:ERROR:process_reader_win.cc(151)] SuspendThread: Access is denied. (0x5)
[1011/014518.689:ERROR:process_reader_win.cc(151)] SuspendThread: Access is denied. (0x5)
[1011/014518.689:ERROR:process_reader_win.cc(151)] SuspendThread: Access is denied. (0x5)
[1011/014518.689:ERROR:process_reader_win.cc(151)] SuspendThread: Access is denied. (0x5)
[1011/014518.689:ERROR:process_reader_win.cc(151)] SuspendThread: Access is denied. (0x5)
[1011/014518.689:ERROR:process_reader_win.cc(123)] NtOpenThread: {Access Denied} A process has requested access to an object, but has not been granted those access rights. (0xc0000022)
[1011/014518.690:ERROR:exception_snapshot_win.cc(99)] thread ID 35888 not found in process
[1011/014518.739:ERROR:process_reader_win.cc(151)] SuspendThread: Access is denied. (0x5)
[1011/014518.739:ERROR:process_reader_win.cc(151)] SuspendThread: Access is denied. (0x5)
[1011/014518.739:ERROR:process_reader_win.cc(151)] SuspendThread: Access is denied. (0x5)
[1011/014518.739:ERROR:process_reader_win.cc(151)] SuspendThread: Access is denied. (0x5)
[1011/014518.739:ERROR:process_reader_win.cc(151)] SuspendThread: Access is denied. (0x5)
[1011/014518.739:ERROR:process_reader_win.cc(151)] SuspendThread: Access is denied. (0x5)
[1011/014518.740:ERROR:process_reader_win.cc(151)] SuspendThread: Access is denied. (0x5)
[1011/014518.740:ERROR:process_reader_win.cc(151)] SuspendThread: Access is denied. (0x5)
[1011/014518.740:ERROR:process_reader_win.cc(151)] SuspendThread: Access is denied. (0x5)
[1011/014518.740:ERROR:process_reader_win.cc(151)] SuspendThread: Access is denied. (0x5)
[1011/014518.740:ERROR:process_reader_win.cc(151)] SuspendThread: Access is denied. (0x5)
[1011/014518.740:ERROR:process_reader_win.cc(151)] SuspendThread: Access is denied. (0x5)
[1011/014518.740:ERROR:process_reader_win.cc(123)] NtOpenThread: {Access Denied} A process has requested access to an object, but has not been granted those access rights. (0xc0000022)
[1011/014518.740:ERROR:exception_snapshot_win.cc(99)] thread ID 36328 not found in process
[1011/014518.820:ERROR:process_reader_win.cc(151)] SuspendThread: Access is denied. (0x5)
[1011/014518.821:ERROR:process_reader_win.cc(151)] SuspendThread: Access is denied. (0x5)
[1011/014518.821:ERROR:process_reader_win.cc(151)] SuspendThread: Access is denied. (0x5)
[1011/014518.821:ERROR:process_reader_win.cc(151)] SuspendThread: Access is denied. (0x5)
[1011/014518.821:ERROR:process_reader_win.cc(151)] SuspendThread: Access is denied. (0x5)
[1011/014518.821:ERROR:process_reader_win.cc(151)] SuspendThread: Access is denied. (0x5)
[1011/014518.822:ERROR:process_reader_win.cc(151)] SuspendThread: Access is denied. (0x5)
[1011/014518.822:ERROR:process_reader_win.cc(151)] SuspendThread: Access is denied. (0x5)
[1011/014518.822:ERROR:process_reader_win.cc(151)] SuspendThread: Access is denied. (0x5)
[1011/014518.822:ERROR:process_reader_win.cc(151)] SuspendThread: Access is denied. (0x5)
[1011/014518.823:ERROR:process_reader_win.cc(151)] SuspendThread: Access is denied. (0x5)
[1011/014518.823:ERROR:process_reader_win.cc(151)] SuspendThread: Access is denied. (0x5)
[1011/014518.823:ERROR:process_reader_win.cc(123)] NtOpenThread: {Access Denied} A process has requested access to an object, but has not been granted those access rights. (0xc0000022)
[1011/014518.823:ERROR:exception_snapshot_win.cc(99)] thread ID 25532 not found in process
[1011/014518.862:ERROR:process_reader_win.cc(151)] SuspendThread: Access is denied. (0x5)
[1011/014518.862:ERROR:process_reader_win.cc(151)] SuspendThread: Access is denied. (0x5)
[1011/014518.862:ERROR:process_reader_win.cc(151)] SuspendThread: Access is denied. (0x5)
[1011/014518.862:ERROR:process_reader_win.cc(151)] SuspendThread: Access is denied. (0x5)
[1011/014518.862:ERROR:process_reader_win.cc(151)] SuspendThread: Access is denied. (0x5)
[1011/014518.862:ERROR:process_reader_win.cc(151)] SuspendThread: Access is denied. (0x5)
[1011/014518.862:ERROR:process_reader_win.cc(151)] SuspendThread: Access is denied. (0x5)
[1011/014518.862:ERROR:process_reader_win.cc(151)] SuspendThread: Access is denied. (0x5)
[1011/014518.863:ERROR:process_reader_win.cc(151)] SuspendThread: Access is denied. (0x5)
[1011/014518.863:ERROR:process_reader_win.cc(151)] SuspendThread: Access is denied. (0x5)
[1011/014518.863:ERROR:process_reader_win.cc(151)] SuspendThread: Access is denied. (0x5)
[1011/014518.863:ERROR:process_reader_win.cc(151)] SuspendThread: Access is denied. (0x5)
[1011/014518.863:ERROR:process_reader_win.cc(123)] NtOpenThread: {Access Denied} A process has requested access to an object, but has not been granted those access rights. (0xc0000022)
[1011/014518.863:ERROR:exception_snapshot_win.cc(99)] thread ID 5452 not found in process
[1011/014518.911:ERROR:process_reader_win.cc(151)] SuspendThread: Access is denied. (0x5)
[1011/014518.912:ERROR:process_reader_win.cc(151)] SuspendThread: Access is denied. (0x5)
[1011/014518.912:ERROR:process_reader_win.cc(151)] SuspendThread: Access is denied. (0x5)
[1011/014518.912:ERROR:process_reader_win.cc(151)] SuspendThread: Access is denied. (0x5)
[1011/014518.912:ERROR:process_reader_win.cc(151)] SuspendThread: Access is denied. (0x5)
[1011/014518.912:ERROR:process_reader_win.cc(151)] SuspendThread: Access is denied. (0x5)
[1011/014518.912:ERROR:process_reader_win.cc(151)] SuspendThread: Access is denied. (0x5)
[1011/014518.912:ERROR:process_reader_win.cc(151)] SuspendThread: Access is denied. (0x5)
[1011/014518.912:ERROR:process_reader_win.cc(151)] SuspendThread: Access is denied. (0x5)
[1011/014518.912:ERROR:process_reader_win.cc(151)] SuspendThread: Access is denied. (0x5)
[1011/014518.912:ERROR:process_reader_win.cc(151)] SuspendThread: Access is denied. (0x5)
[1011/014518.912:ERROR:process_reader_win.cc(151)] SuspendThread: Access is denied. (0x5)
[1011/014518.912:ERROR:process_reader_win.cc(151)] SuspendThread: Access is denied. (0x5)
[1011/014518.912:ERROR:process_reader_win.cc(123)] NtOpenThread: {Access Denied} A process has requested access to an object, but has not been granted those access rights. (0xc0000022)
[1011/014518.912:ERROR:exception_snapshot_win.cc(99)] thread ID 26208 not found in process
[1011/014518.960:ERROR:process_reader_win.cc(151)] SuspendThread: Access is denied. (0x5)
[1011/014518.960:ERROR:process_reader_win.cc(151)] SuspendThread: Access is denied. (0x5)
[1011/014518.960:ERROR:process_reader_win.cc(151)] SuspendThread: Access is denied. (0x5)
[1011/014518.960:ERROR:process_reader_win.cc(151)] SuspendThread: Access is denied. (0x5)
[1011/014518.961:ERROR:process_reader_win.cc(151)] SuspendThread: Access is denied. (0x5)
[1011/014518.961:ERROR:process_reader_win.cc(151)] SuspendThread: Access is denied. (0x5)
[1011/014518.961:ERROR:process_reader_win.cc(151)] SuspendThread: Access is denied. (0x5)
[1011/014518.961:ERROR:process_reader_win.cc(151)] SuspendThread: Access is denied. (0x5)
[1011/014518.961:ERROR:process_reader_win.cc(151)] SuspendThread: Access is denied. (0x5)
[1011/014518.961:ERROR:process_reader_win.cc(151)] SuspendThread: Access is denied. (0x5)
[1011/014518.961:ERROR:process_reader_win.cc(151)] SuspendThread: Access is denied. (0x5)
[1011/014518.961:ERROR:process_reader_win.cc(151)] SuspendThread: Access is denied. (0x5)
[1011/014518.961:ERROR:process_reader_win.cc(151)] SuspendThread: Access is denied. (0x5)
[1011/014518.961:ERROR:process_reader_win.cc(123)] NtOpenThread: {Access Denied} A process has requested access to an object, but has not been granted those access rights. (0xc0000022)
[1011/014518.962:ERROR:exception_snapshot_win.cc(99)] thread ID 38232 not found in process
[1011/014518.964:ERROR:process_reader_win.cc(151)] SuspendThread: Access is denied. (0x5)
[1011/014518.964:ERROR:process_reader_win.cc(151)] SuspendThread: Access is denied. (0x5)
[1011/014518.965:ERROR:process_reader_win.cc(151)] SuspendThread: Access is denied. (0x5)
[1011/014518.965:ERROR:process_reader_win.cc(151)] SuspendThread: Access is denied. (0x5)
[1011/014518.965:ERROR:process_reader_win.cc(151)] SuspendThread: Access is denied. (0x5)
[1011/014518.965:ERROR:process_reader_win.cc(151)] SuspendThread: Access is denied. (0x5)
[1011/014518.965:ERROR:process_reader_win.cc(151)] SuspendThread: Access is denied. (0x5)
[1011/014518.965:ERROR:process_reader_win.cc(151)] SuspendThread: Access is denied. (0x5)
[1011/014518.965:ERROR:process_reader_win.cc(151)] SuspendThread: Access is denied. (0x5)
[1011/014518.965:ERROR:process_reader_win.cc(151)] SuspendThread: Access is denied. (0x5)
[1011/014518.965:ERROR:process_reader_win.cc(151)] SuspendThread: Access is denied. (0x5)
[1011/014518.965:ERROR:process_reader_win.cc(151)] SuspendThread: Access is denied. (0x5)
[1011/014518.965:ERROR:process_reader_win.cc(151)] SuspendThread: Access is denied. (0x5)
[1011/014518.965:ERROR:process_reader_win.cc(151)] SuspendThread: Access is denied. (0x5)
[1011/014518.966:ERROR:process_reader_win.cc(123)] NtOpenThread: {Access Denied} A process has requested access to an object, but has not been granted those access rights. (0xc0000022)
[1011/014518.966:ERROR:exception_snapshot_win.cc(99)] thread ID 33852 not found in process
[1011/014519.045:ERROR:process_reader_win.cc(151)] SuspendThread: Access is denied. (0x5)
[1011/014519.045:ERROR:process_reader_win.cc(151)] SuspendThread: Access is denied. (0x5)
[1011/014519.045:ERROR:process_reader_win.cc(151)] SuspendThread: Access is denied. (0x5)
[1011/014519.045:ERROR:process_reader_win.cc(151)] SuspendThread: Access is denied. (0x5)
[1011/014519.045:ERROR:process_reader_win.cc(151)] SuspendThread: Access is denied. (0x5)
[1011/014519.045:ERROR:process_reader_win.cc(151)] SuspendThread: Access is denied. (0x5)
[1011/014519.045:ERROR:process_reader_win.cc(151)] SuspendThread: Access is denied. (0x5)
[1011/014519.045:ERROR:process_reader_win.cc(151)] SuspendThread: Access is denied. (0x5)
[1011/014519.046:ERROR:process_reader_win.cc(151)] SuspendThread: Access is denied. (0x5)
[1011/014519.046:ERROR:process_reader_win.cc(151)] SuspendThread: Access is denied. (0x5)
[1011/014519.046:ERROR:process_reader_win.cc(151)] SuspendThread: Access is denied. (0x5)
[1011/014519.046:ERROR:process_reader_win.cc(151)] SuspendThread: Access is denied. (0x5)
[1011/014519.046:ERROR:process_reader_win.cc(151)] SuspendThread: Access is denied. (0x5)
[1011/014519.046:ERROR:process_reader_win.cc(151)] SuspendThread: Access is denied. (0x5)
[1011/014519.046:ERROR:process_reader_win.cc(151)] SuspendThread: Access is denied. (0x5)
[1011/014519.046:ERROR:process_reader_win.cc(151)] SuspendThread: Access is denied. (0x5)
[1011/014519.046:ERROR:process_reader_win.cc(151)] SuspendThread: Access is denied. (0x5)
[1011/014519.046:ERROR:process_reader_win.cc(123)] NtOpenThread: {Access Denied} A process has requested access to an object, but has not been granted those access rights. (0xc0000022)
[1011/014519.046:ERROR:exception_snapshot_win.cc(99)] thread ID 35780 not found in process
[1011/014519.080:ERROR:process_reader_win.cc(151)] SuspendThread: Access is denied. (0x5)
[1011/014519.080:ERROR:process_reader_win.cc(151)] SuspendThread: Access is denied. (0x5)
[1011/014519.080:ERROR:process_reader_win.cc(151)] SuspendThread: Access is denied. (0x5)
[1011/014519.080:ERROR:process_reader_win.cc(151)] SuspendThread: Access is denied. (0x5)
[1011/014519.080:ERROR:process_reader_win.cc(151)] SuspendThread: Access is denied. (0x5)
[1011/014519.080:ERROR:process_reader_win.cc(151)] SuspendThread: Access is denied. (0x5)
[1011/014519.080:ERROR:process_reader_win.cc(151)] SuspendThread: Access is denied. (0x5)
[1011/014519.080:ERROR:process_reader_win.cc(151)] SuspendThread: Access is denied. (0x5)
[1011/014519.081:ERROR:process_reader_win.cc(151)] SuspendThread: Access is denied. (0x5)
[1011/014519.081:ERROR:process_reader_win.cc(151)] SuspendThread: Access is denied. (0x5)
[1011/014519.081:ERROR:process_reader_win.cc(151)] SuspendThread: Access is denied. (0x5)
[1011/014519.081:ERROR:process_reader_win.cc(151)] SuspendThread: Access is denied. (0x5)
[1011/014519.081:ERROR:process_reader_win.cc(151)] SuspendThread: Access is denied. (0x5)
[1011/014519.081:ERROR:process_reader_win.cc(123)] NtOpenThread: {Access Denied} A process has requested access to an object, but has not been granted those access rights. (0xc0000022)
[1011/014519.081:ERROR:exception_snapshot_win.cc(99)] thread ID 38660 not found in process
[1011/014519.129:ERROR:process_reader_win.cc(151)] SuspendThread: Access is denied. (0x5)
[1011/014519.129:ERROR:process_reader_win.cc(151)] SuspendThread: Access is denied. (0x5)
[1011/014519.129:ERROR:process_reader_win.cc(151)] SuspendThread: Access is denied. (0x5)
[1011/014519.130:ERROR:process_reader_win.cc(151)] SuspendThread: Access is denied. (0x5)
[1011/014519.130:ERROR:process_reader_win.cc(151)] SuspendThread: Access is denied. (0x5)
[1011/014519.130:ERROR:process_reader_win.cc(151)] SuspendThread: Access is denied. (0x5)
[1011/014519.130:ERROR:process_reader_win.cc(151)] SuspendThread: Access is denied. (0x5)
[1011/014519.130:ERROR:process_reader_win.cc(151)] SuspendThread: Access is denied. (0x5)
[1011/014519.130:ERROR:process_reader_win.cc(151)] SuspendThread: Access is denied. (0x5)
[1011/014519.130:ERROR:process_reader_win.cc(151)] SuspendThread: Access is denied. (0x5)
[1011/014519.130:ERROR:process_reader_win.cc(151)] SuspendThread: Access is denied. (0x5)
[1011/014519.130:ERROR:process_reader_win.cc(151)] SuspendThread: Access is denied. (0x5)
[1011/014519.130:ERROR:process_reader_win.cc(151)] SuspendThread: Access is denied. (0x5)
[1011/014519.130:ERROR:process_reader_win.cc(151)] SuspendThread: Access is denied. (0x5)
[1011/014519.130:ERROR:process_reader_win.cc(151)] SuspendThread: Access is denied. (0x5)
[1011/014519.130:ERROR:process_reader_win.cc(123)] NtOpenThread: {Access Denied} A process has requested access to an object, but has not been granted those access rights. (0xc0000022)
[1011/014519.130:ERROR:exception_snapshot_win.cc(99)] thread ID 13996 not found in process
[1011/014519.174:ERROR:process_reader_win.cc(151)] SuspendThread: Access is denied. (0x5)
[1011/014519.174:ERROR:process_reader_win.cc(151)] SuspendThread: Access is denied. (0x5)
[1011/014519.174:ERROR:process_reader_win.cc(151)] SuspendThread: Access is denied. (0x5)
[1011/014519.174:ERROR:process_reader_win.cc(151)] SuspendThread: Access is denied. (0x5)
[1011/014519.174:ERROR:process_reader_win.cc(151)] SuspendThread: Access is denied. (0x5)
[1011/014519.175:ERROR:process_reader_win.cc(151)] SuspendThread: Access is denied. (0x5)
[1011/014519.175:ERROR:process_reader_win.cc(151)] SuspendThread: Access is denied. (0x5)
[1011/014519.175:ERROR:process_reader_win.cc(151)] SuspendThread: Access is denied. (0x5)
[1011/014519.175:ERROR:process_reader_win.cc(151)] SuspendThread: Access is denied. (0x5)
[1011/014519.175:ERROR:process_reader_win.cc(151)] SuspendThread: Access is denied. (0x5)
[1011/014519.175:ERROR:process_reader_win.cc(151)] SuspendThread: Access is denied. (0x5)
[1011/014519.175:ERROR:process_reader_win.cc(151)] SuspendThread: Access is denied. (0x5)
[1011/014519.175:ERROR:process_reader_win.cc(151)] SuspendThread: Access is denied. (0x5)
[1011/014519.175:ERROR:process_reader_win.cc(123)] NtOpenThread: {Access Denied} A process has requested access to an object, but has not been granted those access rights. (0xc0000022)
[1011/014519.175:ERROR:exception_snapshot_win.cc(99)] thread ID 37084 not found in process
[1011/014519.225:ERROR:process_reader_win.cc(151)] SuspendThread: Access is denied. (0x5)
[1011/014519.225:ERROR:process_reader_win.cc(151)] SuspendThread: Access is denied. (0x5)
[1011/014519.225:ERROR:process_reader_win.cc(151)] SuspendThread: Access is denied. (0x5)
[1011/014519.225:ERROR:process_reader_win.cc(151)] SuspendThread: Access is denied. (0x5)
[1011/014519.225:ERROR:process_reader_win.cc(151)] SuspendThread: Access is denied. (0x5)
[1011/014519.226:ERROR:process_reader_win.cc(151)] SuspendThread: Access is denied. (0x5)
[1011/014519.226:ERROR:process_reader_win.cc(151)] SuspendThread: Access is denied. (0x5)
[1011/014519.226:ERROR:process_reader_win.cc(151)] SuspendThread: Access is denied. (0x5)
[1011/014519.226:ERROR:process_reader_win.cc(151)] SuspendThread: Access is denied. (0x5)
[1011/014519.226:ERROR:process_reader_win.cc(151)] SuspendThread: Access is denied. (0x5)
[1011/014519.226:ERROR:process_reader_win.cc(151)] SuspendThread: Access is denied. (0x5)
[1011/014519.226:ERROR:process_reader_win.cc(151)] SuspendThread: Access is denied. (0x5)
[1011/014519.226:ERROR:process_reader_win.cc(151)] SuspendThread: Access is denied. (0x5)
[1011/014519.226:ERROR:process_reader_win.cc(123)] NtOpenThread: {Access Denied} A process has requested access to an object, but has not been granted those access rights. (0xc0000022)
[1011/014519.226:ERROR:exception_snapshot_win.cc(99)] thread ID 25072 not found in process
[1011/014519.264:ERROR:process_reader_win.cc(151)] SuspendThread: Access is denied. (0x5)
[1011/014519.264:ERROR:process_reader_win.cc(151)] SuspendThread: Access is denied. (0x5)
[1011/014519.264:ERROR:process_reader_win.cc(151)] SuspendThread: Access is denied. (0x5)
[1011/014519.264:ERROR:process_reader_win.cc(151)] SuspendThread: Access is denied. (0x5)
[1011/014519.264:ERROR:process_reader_win.cc(151)] SuspendThread: Access is denied. (0x5)
[1011/014519.264:ERROR:process_reader_win.cc(151)] SuspendThread: Access is denied. (0x5)
[1011/014519.265:ERROR:process_reader_win.cc(151)] SuspendThread: Access is denied. (0x5)
[1011/014519.265:ERROR:process_reader_win.cc(151)] SuspendThread: Access is denied. (0x5)
[1011/014519.265:ERROR:process_reader_win.cc(151)] SuspendThread: Access is denied. (0x5)
[1011/014519.265:ERROR:process_reader_win.cc(151)] SuspendThread: Access is denied. (0x5)
[1011/014519.265:ERROR:process_reader_win.cc(151)] SuspendThread: Access is denied. (0x5)
[1011/014519.265:ERROR:process_reader_win.cc(151)] SuspendThread: Access is denied. (0x5)
[1011/014519.265:ERROR:process_reader_win.cc(151)] SuspendThread: Access is denied. (0x5)
[1011/014519.265:ERROR:process_reader_win.cc(151)] SuspendThread: Access is denied. (0x5)
[1011/014519.265:ERROR:process_reader_win.cc(123)] NtOpenThread: {Access Denied} A process has requested access to an object, but has not been granted those access rights. (0xc0000022)
[1011/014519.265:ERROR:exception_snapshot_win.cc(99)] thread ID 34088 not found in process
[1011/014519.343:ERROR:process_reader_win.cc(151)] SuspendThread: Access is denied. (0x5)
[1011/014519.343:ERROR:process_reader_win.cc(151)] SuspendThread: Access is denied. (0x5)
[1011/014519.343:ERROR:process_reader_win.cc(151)] SuspendThread: Access is denied. (0x5)
[1011/014519.343:ERROR:process_reader_win.cc(151)] SuspendThread: Access is denied. (0x5)
[1011/014519.343:ERROR:process_reader_win.cc(151)] SuspendThread: Access is denied. (0x5)
[1011/014519.344:ERROR:process_reader_win.cc(151)] SuspendThread: Access is denied. (0x5)
[1011/014519.344:ERROR:process_reader_win.cc(151)] SuspendThread: Access is denied. (0x5)
[1011/014519.344:ERROR:process_reader_win.cc(151)] SuspendThread: Access is denied. (0x5)
[1011/014519.344:ERROR:process_reader_win.cc(151)] SuspendThread: Access is denied. (0x5)
[1011/014519.344:ERROR:process_reader_win.cc(151)] SuspendThread: Access is denied. (0x5)
[1011/014519.344:ERROR:process_reader_win.cc(151)] SuspendThread: Access is denied. (0x5)
[1011/014519.344:ERROR:process_reader_win.cc(151)] SuspendThread: Access is denied. (0x5)
[1011/014519.344:ERROR:process_reader_win.cc(151)] SuspendThread: Access is denied. (0x5)
[1011/014519.344:ERROR:process_reader_win.cc(151)] SuspendThread: Access is denied. (0x5)
[1011/014519.345:ERROR:process_reader_win.cc(151)] SuspendThread: Access is denied. (0x5)
[1011/014519.345:ERROR:process_reader_win.cc(123)] NtOpenThread: {Access Denied} A process has requested access to an object, but has not been granted those access rights. (0xc0000022)
[1011/014519.345:ERROR:exception_snapshot_win.cc(99)] thread ID 29312 not found in process
[1011/014519.388:ERROR:process_reader_win.cc(151)] SuspendThread: Access is denied. (0x5)
[1011/014519.388:ERROR:process_reader_win.cc(151)] SuspendThread: Access is denied. (0x5)
[1011/014519.388:ERROR:process_reader_win.cc(151)] SuspendThread: Access is denied. (0x5)
[1011/014519.388:ERROR:process_reader_win.cc(151)] SuspendThread: Access is denied. (0x5)
[1011/014519.388:ERROR:process_reader_win.cc(151)] SuspendThread: Access is denied. (0x5)
[1011/014519.389:ERROR:process_reader_win.cc(151)] SuspendThread: Access is denied. (0x5)
[1011/014519.389:ERROR:process_reader_win.cc(151)] SuspendThread: Access is denied. (0x5)
[1011/014519.389:ERROR:process_reader_win.cc(151)] SuspendThread: Access is denied. (0x5)
[1011/014519.389:ERROR:process_reader_win.cc(151)] SuspendThread: Access is denied. (0x5)
[1011/014519.389:ERROR:process_reader_win.cc(151)] SuspendThread: Access is denied. (0x5)
[1011/014519.389:ERROR:process_reader_win.cc(151)] SuspendThread: Access is denied. (0x5)
[1011/014519.389:ERROR:process_reader_win.cc(151)] SuspendThread: Access is denied. (0x5)
[1011/014519.389:ERROR:process_reader_win.cc(123)] NtOpenThread: {Access Denied} A process has requested access to an object, but has not been granted those access rights. (0xc0000022)
[1011/014519.389:ERROR:exception_snapshot_win.cc(99)] thread ID 36376 not found in process
[1011/014519.427:ERROR:process_reader_win.cc(151)] SuspendThread: Access is denied. (0x5)
[1011/014519.427:ERROR:process_reader_win.cc(151)] SuspendThread: Access is denied. (0x5)
[1011/014519.427:ERROR:process_reader_win.cc(151)] SuspendThread: Access is denied. (0x5)
[1011/014519.427:ERROR:process_reader_win.cc(151)] SuspendThread: Access is denied. (0x5)
[1011/014519.427:ERROR:process_reader_win.cc(151)] SuspendThread: Access is denied. (0x5)
[1011/014519.427:ERROR:process_reader_win.cc(151)] SuspendThread: Access is denied. (0x5)
[1011/014519.427:ERROR:process_reader_win.cc(151)] SuspendThread: Access is denied. (0x5)
[1011/014519.427:ERROR:process_reader_win.cc(151)] SuspendThread: Access is denied. (0x5)
[1011/014519.428:ERROR:process_reader_win.cc(151)] SuspendThread: Access is denied. (0x5)
[1011/014519.428:ERROR:process_reader_win.cc(151)] SuspendThread: Access is denied. (0x5)
[1011/014519.428:ERROR:process_reader_win.cc(151)] SuspendThread: Access is denied. (0x5)
[1011/014519.428:ERROR:process_reader_win.cc(151)] SuspendThread: Access is denied. (0x5)
[1011/014519.428:ERROR:process_reader_win.cc(151)] SuspendThread: Access is denied. (0x5)
[1011/014519.428:ERROR:process_reader_win.cc(123)] NtOpenThread: {Access Denied} A process has requested access to an object, but has not been granted those access rights. (0xc0000022)
[1011/014519.428:ERROR:exception_snapshot_win.cc(99)] thread ID 28400 not found in process
[1011/014519.462:ERROR:process_reader_win.cc(151)] SuspendThread: Access is denied. (0x5)
[1011/014519.462:ERROR:process_reader_win.cc(151)] SuspendThread: Access is denied. (0x5)
[1011/014519.462:ERROR:process_reader_win.cc(151)] SuspendThread: Access is denied. (0x5)
[1011/014519.462:ERROR:process_reader_win.cc(151)] SuspendThread: Access is denied. (0x5)
[1011/014519.462:ERROR:process_reader_win.cc(151)] SuspendThread: Access is denied. (0x5)
[1011/014519.462:ERROR:process_reader_win.cc(151)] SuspendThread: Access is denied. (0x5)
[1011/014519.462:ERROR:process_reader_win.cc(151)] SuspendThread: Access is denied. (0x5)
[1011/014519.462:ERROR:process_reader_win.cc(151)] SuspendThread: Access is denied. (0x5)
[1011/014519.462:ERROR:process_reader_win.cc(151)] SuspendThread: Access is denied. (0x5)
[1011/014519.462:ERROR:process_reader_win.cc(151)] SuspendThread: Access is denied. (0x5)
[1011/014519.462:ERROR:process_reader_win.cc(151)] SuspendThread: Access is denied. (0x5)
[1011/014519.463:ERROR:process_reader_win.cc(151)] SuspendThread: Access is denied. (0x5)
[1011/014519.463:ERROR:process_reader_win.cc(151)] SuspendThread: Access is denied. (0x5)
[1011/014519.463:ERROR:process_reader_win.cc(151)] SuspendThread: Access is denied. (0x5)
[1011/014519.463:ERROR:process_reader_win.cc(151)] SuspendThread: Access is denied. (0x5)
[1011/014519.463:ERROR:process_reader_win.cc(123)] NtOpenThread: {Access Denied} A process has requested access to an object, but has not been granted those access rights. (0xc0000022)
[1011/014519.463:ERROR:exception_snapshot_win.cc(99)] thread ID 36604 not found in process
[1011/014519.499:ERROR:process_reader_win.cc(151)] SuspendThread: Access is denied. (0x5)
[1011/014519.499:ERROR:process_reader_win.cc(151)] SuspendThread: Access is denied. (0x5)
[1011/014519.499:ERROR:process_reader_win.cc(151)] SuspendThread: Access is denied. (0x5)
[1011/014519.499:ERROR:process_reader_win.cc(151)] SuspendThread: Access is denied. (0x5)
[1011/014519.499:ERROR:process_reader_win.cc(151)] SuspendThread: Access is denied. (0x5)
[1011/014519.499:ERROR:process_reader_win.cc(151)] SuspendThread: Access is denied. (0x5)
[1011/014519.499:ERROR:process_reader_win.cc(151)] SuspendThread: Access is denied. (0x5)
[1011/014519.499:ERROR:process_reader_win.cc(151)] SuspendThread: Access is denied. (0x5)
[1011/014519.499:ERROR:process_reader_win.cc(151)] SuspendThread: Access is denied. (0x5)
[1011/014519.499:ERROR:process_reader_win.cc(151)] SuspendThread: Access is denied. (0x5)
[1011/014519.500:ERROR:process_reader_win.cc(151)] SuspendThread: Access is denied. (0x5)
[1011/014519.500:ERROR:process_reader_win.cc(151)] SuspendThread: Access is denied. (0x5)
[1011/014519.500:ERROR:process_reader_win.cc(151)] SuspendThread: Access is denied. (0x5)
[1011/014519.500:ERROR:process_reader_win.cc(123)] NtOpenThread: {Access Denied} A process has requested access to an object, but has not been granted those access rights. (0xc0000022)
[1011/014519.500:ERROR:exception_snapshot_win.cc(99)] thread ID 9004 not found in process
[1011/014519.557:ERROR:process_reader_win.cc(151)] SuspendThread: Access is denied. (0x5)
[1011/014519.557:ERROR:process_reader_win.cc(151)] SuspendThread: Access is denied. (0x5)
[1011/014519.557:ERROR:process_reader_win.cc(151)] SuspendThread: Access is denied. (0x5)
[1011/014519.557:ERROR:process_reader_win.cc(151)] SuspendThread: Access is denied. (0x5)
[1011/014519.557:ERROR:process_reader_win.cc(151)] SuspendThread: Access is denied. (0x5)
[1011/014519.557:ERROR:process_reader_win.cc(151)] SuspendThread: Access is denied. (0x5)
[1011/014519.557:ERROR:process_reader_win.cc(151)] SuspendThread: Access is denied. (0x5)
[1011/014519.557:ERROR:process_reader_win.cc(151)] SuspendThread: Access is denied. (0x5)
[1011/014519.558:ERROR:process_reader_win.cc(151)] SuspendThread: Access is denied. (0x5)
[1011/014519.558:ERROR:process_reader_win.cc(151)] SuspendThread: Access is denied. (0x5)
[1011/014519.558:ERROR:process_reader_win.cc(151)] SuspendThread: Access is denied. (0x5)
[1011/014519.558:ERROR:process_reader_win.cc(151)] SuspendThread: Access is denied. (0x5)
[1011/014519.558:ERROR:process_reader_win.cc(151)] SuspendThread: Access is denied. (0x5)
[1011/014519.558:ERROR:process_reader_win.cc(151)] SuspendThread: Access is denied. (0x5)
[1011/014519.559:ERROR:process_reader_win.cc(123)] NtOpenThread: {Access Denied} A process has requested access to an object, but has not been granted those access rights. (0xc0000022)
[1011/014519.559:ERROR:exception_snapshot_win.cc(99)] thread ID 12208 not found in process
[1011/014519.585:ERROR:process_reader_win.cc(151)] SuspendThread: Access is denied. (0x5)
[1011/014519.585:ERROR:process_reader_win.cc(151)] SuspendThread: Access is denied. (0x5)
[1011/014519.585:ERROR:process_reader_win.cc(151)] SuspendThread: Access is denied. (0x5)
[1011/014519.586:ERROR:process_reader_win.cc(151)] SuspendThread: Access is denied. (0x5)
[1011/014519.586:ERROR:process_reader_win.cc(151)] SuspendThread: Access is denied. (0x5)
[1011/014519.586:ERROR:process_reader_win.cc(151)] SuspendThread: Access is denied. (0x5)
[1011/014519.586:ERROR:process_reader_win.cc(151)] SuspendThread: Access is denied. (0x5)
[1011/014519.586:ERROR:process_reader_win.cc(151)] SuspendThread: Access is denied. (0x5)
[1011/014519.586:ERROR:process_reader_win.cc(151)] SuspendThread: Access is denied. (0x5)
[1011/014519.586:ERROR:process_reader_win.cc(151)] SuspendThread: Access is denied. (0x5)
[1011/014519.587:ERROR:process_reader_win.cc(151)] SuspendThread: Access is denied. (0x5)
[1011/014519.587:ERROR:process_reader_win.cc(151)] SuspendThread: Access is denied. (0x5)
[1011/014519.587:ERROR:process_reader_win.cc(151)] SuspendThread: Access is denied. (0x5)
[1011/014519.587:ERROR:process_reader_win.cc(123)] NtOpenThread: {Access Denied} A process has requested access to an object, but has not been granted those access rights. (0xc0000022)
[1011/014519.587:ERROR:exception_snapshot_win.cc(99)] thread ID 35832 not found in process
[1011/014519.637:ERROR:process_reader_win.cc(151)] SuspendThread: Access is denied. (0x5)
[1011/014519.637:ERROR:process_reader_win.cc(151)] SuspendThread: Access is denied. (0x5)
[1011/014519.637:ERROR:process_reader_win.cc(151)] SuspendThread: Access is denied. (0x5)
[1011/014519.637:ERROR:process_reader_win.cc(151)] SuspendThread: Access is denied. (0x5)
[1011/014519.637:ERROR:process_reader_win.cc(151)] SuspendThread: Access is denied. (0x5)
[1011/014519.637:ERROR:process_reader_win.cc(151)] SuspendThread: Access is denied. (0x5)
[1011/014519.637:ERROR:process_reader_win.cc(151)] SuspendThread: Access is denied. (0x5)
[1011/014519.637:ERROR:process_reader_win.cc(151)] SuspendThread: Access is denied. (0x5)
[1011/014519.637:ERROR:process_reader_win.cc(151)] SuspendThread: Access is denied. (0x5)
[1011/014519.637:ERROR:process_reader_win.cc(151)] SuspendThread: Access is denied. (0x5)
[1011/014519.637:ERROR:process_reader_win.cc(151)] SuspendThread: Access is denied. (0x5)
[1011/014519.637:ERROR:process_reader_win.cc(151)] SuspendThread: Access is denied. (0x5)
[1011/014519.637:ERROR:process_reader_win.cc(151)] SuspendThread: Access is denied. (0x5)
[1011/014519.637:ERROR:process_reader_win.cc(151)] SuspendThread: Access is denied. (0x5)
[1011/014519.637:ERROR:process_reader_win.cc(151)] SuspendThread: Access is denied. (0x5)
[1011/014519.637:ERROR:process_reader_win.cc(123)] NtOpenThread: {Access Denied} A process has requested access to an object, but has not been granted those access rights. (0xc0000022)
[1011/014519.637:ERROR:exception_snapshot_win.cc(99)] thread ID 28960 not found in process
[1011/014519.687:ERROR:process_reader_win.cc(151)] SuspendThread: Access is denied. (0x5)
[1011/014519.687:ERROR:process_reader_win.cc(151)] SuspendThread: Access is denied. (0x5)
[1011/014519.687:ERROR:process_reader_win.cc(151)] SuspendThread: Access is denied. (0x5)
[1011/014519.687:ERROR:process_reader_win.cc(151)] SuspendThread: Access is denied. (0x5)
[1011/014519.687:ERROR:process_reader_win.cc(151)] SuspendThread: Access is denied. (0x5)
[1011/014519.687:ERROR:process_reader_win.cc(151)] SuspendThread: Access is denied. (0x5)
[1011/014519.687:ERROR:process_reader_win.cc(151)] SuspendThread: Access is denied. (0x5)
[1011/014519.687:ERROR:process_reader_win.cc(151)] SuspendThread: Access is denied. (0x5)
[1011/014519.687:ERROR:process_reader_win.cc(151)] SuspendThread: Access is denied. (0x5)
[1011/014519.687:ERROR:process_reader_win.cc(151)] SuspendThread: Access is denied. (0x5)
[1011/014519.688:ERROR:process_reader_win.cc(151)] SuspendThread: Access is denied. (0x5)
[1011/014519.688:ERROR:process_reader_win.cc(151)] SuspendThread: Access is denied. (0x5)
[1011/014519.688:ERROR:process_reader_win.cc(151)] SuspendThread: Access is denied. (0x5)
[1011/014519.688:ERROR:process_reader_win.cc(151)] SuspendThread: Access is denied. (0x5)
[1011/014519.688:ERROR:process_reader_win.cc(123)] NtOpenThread: {Access Denied} A process has requested access to an object, but has not been granted those access rights. (0xc0000022)
[1011/014519.688:ERROR:exception_snapshot_win.cc(99)] thread ID 31032 not found in process
[1011/014519.726:ERROR:process_reader_win.cc(151)] SuspendThread: Access is denied. (0x5)
[1011/014519.727:ERROR:process_reader_win.cc(151)] SuspendThread: Access is denied. (0x5)
[1011/014519.727:ERROR:process_reader_win.cc(151)] SuspendThread: Access is denied. (0x5)
[1011/014519.727:ERROR:process_reader_win.cc(151)] SuspendThread: Access is denied. (0x5)
[1011/014519.727:ERROR:process_reader_win.cc(151)] SuspendThread: Access is denied. (0x5)
[1011/014519.727:ERROR:process_reader_win.cc(151)] SuspendThread: Access is denied. (0x5)
[1011/014519.727:ERROR:process_reader_win.cc(151)] SuspendThread: Access is denied. (0x5)
[1011/014519.727:ERROR:process_reader_win.cc(151)] SuspendThread: Access is denied. (0x5)
[1011/014519.727:ERROR:process_reader_win.cc(151)] SuspendThread: Access is denied. (0x5)
[1011/014519.727:ERROR:process_reader_win.cc(151)] SuspendThread: Access is denied. (0x5)
[1011/014519.727:ERROR:process_reader_win.cc(151)] SuspendThread: Access is denied. (0x5)
[1011/014519.727:ERROR:process_reader_win.cc(151)] SuspendThread: Access is denied. (0x5)
[1011/014519.727:ERROR:process_reader_win.cc(151)] SuspendThread: Access is denied. (0x5)
[1011/014519.727:ERROR:process_reader_win.cc(123)] NtOpenThread: {Access Denied} A process has requested access to an object, but has not been granted those access rights. (0xc0000022)
[1011/014519.728:ERROR:exception_snapshot_win.cc(99)] thread ID 36912 not found in process
[1011/014519.762:ERROR:process_reader_win.cc(151)] SuspendThread: Access is denied. (0x5)
[1011/014519.762:ERROR:process_reader_win.cc(151)] SuspendThread: Access is denied. (0x5)
[1011/014519.762:ERROR:process_reader_win.cc(151)] SuspendThread: Access is denied. (0x5)
[1011/014519.762:ERROR:process_reader_win.cc(151)] SuspendThread: Access is denied. (0x5)
[1011/014519.762:ERROR:process_reader_win.cc(151)] SuspendThread: Access is denied. (0x5)
[1011/014519.762:ERROR:process_reader_win.cc(151)] SuspendThread: Access is denied. (0x5)
[1011/014519.762:ERROR:process_reader_win.cc(151)] SuspendThread: Access is denied. (0x5)
[1011/014519.762:ERROR:process_reader_win.cc(151)] SuspendThread: Access is denied. (0x5)
[1011/014519.762:ERROR:process_reader_win.cc(151)] SuspendThread: Access is denied. (0x5)
[1011/014519.763:ERROR:process_reader_win.cc(151)] SuspendThread: Access is denied. (0x5)
[1011/014519.763:ERROR:process_reader_win.cc(151)] SuspendThread: Access is denied. (0x5)
[1011/014519.763:ERROR:process_reader_win.cc(151)] SuspendThread: Access is denied. (0x5)
[1011/014519.763:ERROR:process_reader_win.cc(151)] SuspendThread: Access is denied. (0x5)
[1011/014519.763:ERROR:process_reader_win.cc(123)] NtOpenThread: {Access Denied} A process has requested access to an object, but has not been granted those access rights. (0xc0000022)
[1011/014519.763:ERROR:exception_snapshot_win.cc(99)] thread ID 16964 not found in process
[1011/014519.787:ERROR:process_reader_win.cc(151)] SuspendThread: Access is denied. (0x5)
[1011/014519.787:ERROR:process_reader_win.cc(151)] SuspendThread: Access is denied. (0x5)
[1011/014519.787:ERROR:process_reader_win.cc(151)] SuspendThread: Access is denied. (0x5)
[1011/014519.787:ERROR:process_reader_win.cc(151)] SuspendThread: Access is denied. (0x5)
[1011/014519.787:ERROR:process_reader_win.cc(151)] SuspendThread: Access is denied. (0x5)
[1011/014519.787:ERROR:process_reader_win.cc(151)] SuspendThread: Access is denied. (0x5)
[1011/014519.787:ERROR:process_reader_win.cc(151)] SuspendThread: Access is denied. (0x5)
[1011/014519.787:ERROR:process_reader_win.cc(151)] SuspendThread: Access is denied. (0x5)
[1011/014519.787:ERROR:process_reader_win.cc(151)] SuspendThread: Access is denied. (0x5)
[1011/014519.787:ERROR:process_reader_win.cc(151)] SuspendThread: Access is denied. (0x5)
[1011/014519.787:ERROR:process_reader_win.cc(151)] SuspendThread: Access is denied. (0x5)
[1011/014519.787:ERROR:process_reader_win.cc(151)] SuspendThread: Access is denied. (0x5)
[1011/014519.787:ERROR:process_reader_win.cc(151)] SuspendThread: Access is denied. (0x5)
[1011/014519.787:ERROR:process_reader_win.cc(123)] NtOpenThread: {Access Denied} A process has requested access to an object, but has not been granted those access rights. (0xc0000022)
[1011/014519.787:ERROR:exception_snapshot_win.cc(99)] thread ID 35864 not found in process
[1011/014520.021:ERROR:process_reader_win.cc(151)] SuspendThread: Access is denied. (0x5)
[1011/014520.021:ERROR:process_reader_win.cc(151)] SuspendThread: Access is denied. (0x5)
[1011/014520.021:ERROR:process_reader_win.cc(151)] SuspendThread: Access is denied. (0x5)
[1011/014520.021:ERROR:process_reader_win.cc(151)] SuspendThread: Access is denied. (0x5)
[1011/014520.021:ERROR:process_reader_win.cc(151)] SuspendThread: Access is denied. (0x5)
[1011/014520.021:ERROR:process_reader_win.cc(151)] SuspendThread: Access is denied. (0x5)
[1011/014520.022:ERROR:process_reader_win.cc(151)] SuspendThread: Access is denied. (0x5)
[1011/014520.022:ERROR:process_reader_win.cc(151)] SuspendThread: Access is denied. (0x5)
[1011/014520.022:ERROR:process_reader_win.cc(151)] SuspendThread: Access is denied. (0x5)
[1011/014520.022:ERROR:process_reader_win.cc(151)] SuspendThread: Access is denied. (0x5)
[1011/014520.022:ERROR:process_reader_win.cc(151)] SuspendThread: Access is denied. (0x5)
[1011/014520.022:ERROR:process_reader_win.cc(151)] SuspendThread: Access is denied. (0x5)
[1011/014520.022:ERROR:process_reader_win.cc(151)] SuspendThread: Access is denied. (0x5)
[1011/014520.022:ERROR:process_reader_win.cc(123)] NtOpenThread: {Access Denied} A process has requested access to an object, but has not been granted those access rights. (0xc0000022)
[1011/014520.022:ERROR:exception_snapshot_win.cc(99)] thread ID 9504 not found in process
